2017-07-04 10:48:00.973  INFO 6563 --- [main] com.e2e.steps.SearchSteps                : Starting SearchSteps on lnxcit009559bh with PID 6563 (/home/CIT/jonathans/poc-tests/tests-e2e-foundation/target/test-classes started by jonathans in /home/CIT/jonathans/poc-tests/tests-e2e-foundation)
2017-07-04 10:48:00.974  INFO 6563 --- [main] com.e2e.steps.SearchSteps                : No active profile set, falling back to default profiles: default
2017-07-04 10:48:01.253  INFO 6563 --- [main] s.c.a.AnnotationConfigApplicationContext : Refreshing org.springframework.context.annotation.AnnotationConfigApplicationContext@793138bd: startup date [Tue Jul 04 10:48:01 BRT 2017]; root of context hierarchy
2017-07-04 10:48:02.367  INFO 6563 --- [main] com.e2e.steps.SearchSteps                : Started SearchSteps in 1.688 seconds (JVM running for 2.957)
2017-07-04 10:48:06.667  INFO 6563 --- [Thread-1] s.c.a.AnnotationConfigApplicationContext : Closing org.springframework.context.annotation.AnnotationConfigApplicationContext@793138bd: startup date [Tue Jul 04 10:48:01 BRT 2017]; root of context hierarchy
2017-07-04 10:49:05.444  INFO 6759 --- [main] com.e2e.steps.SearchSteps                : Starting SearchSteps on lnxcit009559bh with PID 6759 (/home/CIT/jonathans/poc-tests/tests-e2e-foundation/target/test-classes started by jonathans in /home/CIT/jonathans/poc-tests/tests-e2e-foundation)
2017-07-04 10:49:05.444  INFO 6759 --- [main] com.e2e.steps.SearchSteps                : No active profile set, falling back to default profiles: default
2017-07-04 10:49:05.666  INFO 6759 --- [main] s.c.a.AnnotationConfigApplicationContext : Refreshing org.springframework.context.annotation.AnnotationConfigApplicationContext@793138bd: startup date [Tue Jul 04 10:49:05 BRT 2017]; root of context hierarchy
2017-07-04 10:49:06.813  INFO 6759 --- [main] com.e2e.steps.SearchSteps                : Started SearchSteps in 1.654 seconds (JVM running for 2.679)
2017-07-04 10:49:10.831  INFO 6759 --- [Thread-1] s.c.a.AnnotationConfigApplicationContext : Closing org.springframework.context.annotation.AnnotationConfigApplicationContext@793138bd: startup date [Tue Jul 04 10:49:05 BRT 2017]; root of context hierarchy
2017-07-04 10:49:27.280  INFO 6941 --- [main] com.e2e.steps.LoginWebServiceSteps       : Starting LoginWebServiceSteps on lnxcit009559bh with PID 6941 (/home/CIT/jonathans/poc-tests/tests-e2e-foundation/target/test-classes started by jonathans in /home/CIT/jonathans/poc-tests/tests-e2e-foundation)
2017-07-04 10:49:27.281  INFO 6941 --- [main] com.e2e.steps.LoginWebServiceSteps       : No active profile set, falling back to default profiles: default
2017-07-04 10:49:27.542  INFO 6941 --- [main] s.c.a.AnnotationConfigApplicationContext : Refreshing org.springframework.context.annotation.AnnotationConfigApplicationContext@7096b474: startup date [Tue Jul 04 10:49:27 BRT 2017]; root of context hierarchy
2017-07-04 10:49:28.379  INFO 6941 --- [main] com.e2e.steps.LoginWebServiceSteps       : Started LoginWebServiceSteps in 1.373 seconds (JVM running for 2.347)
2017-07-04 10:49:31.662  INFO 6941 --- [Thread-1] s.c.a.AnnotationConfigApplicationContext : Closing org.springframework.context.annotation.AnnotationConfigApplicationContext@7096b474: startup date [Tue Jul 04 10:49:27 BRT 2017]; root of context hierarchy
2017-07-04 10:58:08.830  INFO 7331 --- [main] com.e2e.steps.SearchSteps                : Starting SearchSteps on lnxcit009559bh with PID 7331 (/home/CIT/jonathans/poc-tests/tests-e2e-foundation/target/test-classes started by jonathans in /home/CIT/jonathans/poc-tests/tests-e2e-foundation)
2017-07-04 10:58:08.831  INFO 7331 --- [main] com.e2e.steps.SearchSteps                : No active profile set, falling back to default profiles: default
2017-07-04 10:58:09.045  INFO 7331 --- [main] s.c.a.AnnotationConfigApplicationContext : Refreshing org.springframework.context.annotation.AnnotationConfigApplicationContext@793138bd: startup date [Tue Jul 04 10:58:09 BRT 2017]; root of context hierarchy
2017-07-04 10:58:10.028  INFO 7331 --- [main] com.e2e.steps.SearchSteps                : Started SearchSteps in 1.47 seconds (JVM running for 2.467)
2017-07-04 10:58:29.418  INFO 7331 --- [Thread-1] s.c.a.AnnotationConfigApplicationContext : Closing org.springframework.context.annotation.AnnotationConfigApplicationContext@793138bd: startup date [Tue Jul 04 10:58:09 BRT 2017]; root of context hierarchy
2017-07-04 11:04:17.749  INFO 7674 --- [main] com.e2e.steps.BaseSteps                  : Starting BaseSteps on lnxcit009559bh with PID 7674 (/home/CIT/jonathans/poc-tests/tests-e2e-foundation/target/test-classes started by jonathans in /home/CIT/jonathans/poc-tests/tests-e2e-foundation)
2017-07-04 11:04:17.750  INFO 7674 --- [main] com.e2e.steps.BaseSteps                  : No active profile set, falling back to default profiles: default
2017-07-04 11:04:17.977  INFO 7674 --- [main] s.c.a.AnnotationConfigApplicationContext : Refreshing org.springframework.context.annotation.AnnotationConfigApplicationContext@baf1bb3: startup date [Tue Jul 04 11:04:17 BRT 2017]; root of context hierarchy
2017-07-04 11:04:18.742  WARN 7674 --- [main] s.c.a.AnnotationConfigApplicationContext : Exception encountered during context initialization - cancelling refresh attempt: org.springframework.beans.factory.BeanCreationException: Error creating bean with name 'ninjaPage': Injection of autowired dependencies failed; nested exception is org.springframework.beans.factory.BeanCreationException: Could not autowire field: private java.lang.String com.e2e.page.CommonsPage.baseUrl; nested exception is java.lang.IllegalArgumentException: Could not resolve placeholder 'front.url' in string value "${front.url}"
2017-07-04 11:04:18.746 ERROR 7674 --- [main] o.s.boot.SpringApplication               : Application startup failed

org.springframework.beans.factory.BeanCreationException: Error creating bean with name 'ninjaPage': Injection of autowired dependencies failed; nested exception is org.springframework.beans.factory.BeanCreationException: Could not autowire field: private java.lang.String com.e2e.page.CommonsPage.baseUrl; nested exception is java.lang.IllegalArgumentException: Could not resolve placeholder 'front.url' in string value "${front.url}"
	at org.springframework.beans.factory.annotation.AutowiredAnnotationBeanPostProcessor.postProcessPropertyValues(AutowiredAnnotationBeanPostProcessor.java:334)
	at org.springframework.beans.factory.support.AbstractAutowireCapableBeanFactory.populateBean(AbstractAutowireCapableBeanFactory.java:1214)
	at org.springframework.beans.factory.support.AbstractAutowireCapableBeanFactory.doCreateBean(AbstractAutowireCapableBeanFactory.java:543)
	at org.springframework.beans.factory.support.AbstractAutowireCapableBeanFactory.createBean(AbstractAutowireCapableBeanFactory.java:482)
	at org.springframework.beans.factory.support.AbstractBeanFactory$1.getObject(AbstractBeanFactory.java:306)
	at org.springframework.beans.factory.support.DefaultSingletonBeanRegistry.getSingleton(DefaultSingletonBeanRegistry.java:230)
	at org.springframework.beans.factory.support.AbstractBeanFactory.doGetBean(AbstractBeanFactory.java:302)
	at org.springframework.beans.factory.support.AbstractBeanFactory.getBean(AbstractBeanFactory.java:197)
	at org.springframework.beans.factory.support.DefaultListableBeanFactory.preInstantiateSingletons(DefaultListableBeanFactory.java:772)
	at org.springframework.context.support.AbstractApplicationContext.finishBeanFactoryInitialization(AbstractApplicationContext.java:839)
	at org.springframework.context.support.AbstractApplicationContext.refresh(AbstractApplicationContext.java:538)
	at org.springframework.boot.SpringApplication.refresh(SpringApplication.java:760)
	at org.springframework.boot.SpringApplication.createAndRefreshContext(SpringApplication.java:360)
	at org.springframework.boot.SpringApplication.run(SpringApplication.java:306)
	at org.springframework.boot.test.SpringApplicationContextLoader.loadContext(SpringApplicationContextLoader.java:98)
	at org.springframework.test.context.cache.DefaultCacheAwareContextLoaderDelegate.loadContextInternal(DefaultCacheAwareContextLoaderDelegate.java:98)
	at org.springframework.test.context.cache.DefaultCacheAwareContextLoaderDelegate.loadContext(DefaultCacheAwareContextLoaderDelegate.java:116)
	at org.springframework.test.context.support.DefaultTestContext.getApplicationContext(DefaultTestContext.java:83)
	at cucumber.runtime.java.spring.CucumberTestContextManager.getContext(SpringFactory.java:215)
	at cucumber.runtime.java.spring.CucumberTestContextManager.<init>(SpringFactory.java:207)
	at cucumber.runtime.java.spring.SpringFactory.start(SpringFactory.java:102)
	at cucumber.runtime.java.JavaBackend.buildWorld(JavaBackend.java:123)
	at cucumber.runtime.Runtime.buildBackendWorlds(Runtime.java:140)
	at cucumber.runtime.model.CucumberScenario.run(CucumberScenario.java:38)
	at cucumber.runtime.junit.ExecutionUnitRunner.run(ExecutionUnitRunner.java:91)
	at cucumber.runtime.junit.FeatureRunner.runChild(FeatureRunner.java:63)
	at cucumber.runtime.junit.FeatureRunner.runChild(FeatureRunner.java:18)
	at org.junit.runners.ParentRunner$3.run(ParentRunner.java:290)
	at org.junit.runners.ParentRunner$1.schedule(ParentRunner.java:71)
	at org.junit.runners.ParentRunner.runChildren(ParentRunner.java:288)
	at org.junit.runners.ParentRunner.access$000(ParentRunner.java:58)
	at org.junit.runners.ParentRunner$2.evaluate(ParentRunner.java:268)
	at org.junit.runners.ParentRunner.run(ParentRunner.java:363)
	at cucumber.runtime.junit.FeatureRunner.run(FeatureRunner.java:70)
	at cucumber.api.junit.Cucumber.runChild(Cucumber.java:93)
	at cucumber.api.junit.Cucumber.runChild(Cucumber.java:37)
	at org.junit.runners.ParentRunner$3.run(ParentRunner.java:290)
	at org.junit.runners.ParentRunner$1.schedule(ParentRunner.java:71)
	at org.junit.runners.ParentRunner.runChildren(ParentRunner.java:288)
	at org.junit.runners.ParentRunner.access$000(ParentRunner.java:58)
	at org.junit.runners.ParentRunner$2.evaluate(ParentRunner.java:268)
	at org.junit.internal.runners.statements.RunAfters.evaluate(RunAfters.java:27)
	at org.junit.runners.ParentRunner.run(ParentRunner.java:363)
	at cucumber.api.junit.Cucumber.run(Cucumber.java:98)
	at org.junit.runner.JUnitCore.run(JUnitCore.java:137)
	at com.intellij.junit4.JUnit4IdeaTestRunner.startRunnerWithArgs(JUnit4IdeaTestRunner.java:68)
	at com.intellij.rt.execution.junit.IdeaTestRunner$Repeater.startRunnerWithArgs(IdeaTestRunner.java:51)
	at com.intellij.rt.execution.junit.JUnitStarter.prepareStreamsAndStart(JUnitStarter.java:242)
	at com.intellij.rt.execution.junit.JUnitStarter.main(JUnitStarter.java:70)
Caused by: org.springframework.beans.factory.BeanCreationException: Could not autowire field: private java.lang.String com.e2e.page.CommonsPage.baseUrl; nested exception is java.lang.IllegalArgumentException: Could not resolve placeholder 'front.url' in string value "${front.url}"
	at org.springframework.beans.factory.annotation.AutowiredAnnotationBeanPostProcessor$AutowiredFieldElement.inject(AutowiredAnnotationBeanPostProcessor.java:573)
	at org.springframework.beans.factory.annotation.InjectionMetadata.inject(InjectionMetadata.java:88)
	at org.springframework.beans.factory.annotation.AutowiredAnnotationBeanPostProcessor.postProcessPropertyValues(AutowiredAnnotationBeanPostProcessor.java:331)
	... 48 common frames omitted
Caused by: java.lang.IllegalArgumentException: Could not resolve placeholder 'front.url' in string value "${front.url}"
	at org.springframework.util.PropertyPlaceholderHelper.parseStringValue(PropertyPlaceholderHelper.java:174)
	at org.springframework.util.PropertyPlaceholderHelper.replacePlaceholders(PropertyPlaceholderHelper.java:126)
	at org.springframework.core.env.AbstractPropertyResolver.doResolvePlaceholders(AbstractPropertyResolver.java:204)
	at org.springframework.core.env.AbstractPropertyResolver.resolveRequiredPlaceholders(AbstractPropertyResolver.java:178)
	at org.springframework.context.support.PropertySourcesPlaceholderConfigurer$2.resolveStringValue(PropertySourcesPlaceholderConfigurer.java:172)
	at org.springframework.beans.factory.support.AbstractBeanFactory.resolveEmbeddedValue(AbstractBeanFactory.java:808)
	at org.springframework.beans.factory.support.DefaultListableBeanFactory.doResolveDependency(DefaultListableBeanFactory.java:1027)
	at org.springframework.beans.factory.support.DefaultListableBeanFactory.resolveDependency(DefaultListableBeanFactory.java:1014)
	at org.springframework.beans.factory.annotation.AutowiredAnnotationBeanPostProcessor$AutowiredFieldElement.inject(AutowiredAnnotationBeanPostProcessor.java:545)
	... 50 common frames omitted

2017-07-04 11:04:18.748  INFO 7674 --- [main] .b.l.ClasspathLoggingApplicationListener : Application failed to start with classpath: [file:/opt/idea-IC-171.4694.23/lib/idea_rt.jar, file:/opt/idea-IC-171.4694.23/plugins/junit/lib/junit-rt.jar, file:/usr/lib/jvm/java-8-oracle/jre/lib/charsets.jar, file:/usr/lib/jvm/java-8-oracle/jre/lib/deploy.jar, file:/usr/lib/jvm/java-8-oracle/jre/lib/ext/cldrdata.jar, file:/usr/lib/jvm/java-8-oracle/jre/lib/ext/dnsns.jar, file:/usr/lib/jvm/java-8-oracle/jre/lib/ext/jaccess.jar, file:/usr/lib/jvm/java-8-oracle/jre/lib/ext/jfxrt.jar, file:/usr/lib/jvm/java-8-oracle/jre/lib/ext/localedata.jar, file:/usr/lib/jvm/java-8-oracle/jre/lib/ext/nashorn.jar, file:/usr/lib/jvm/java-8-oracle/jre/lib/ext/sunec.jar, file:/usr/lib/jvm/java-8-oracle/jre/lib/ext/sunjce_provider.jar, file:/usr/lib/jvm/java-8-oracle/jre/lib/ext/sunpkcs11.jar, file:/usr/lib/jvm/java-8-oracle/jre/lib/ext/zipfs.jar, file:/usr/lib/jvm/java-8-oracle/jre/lib/javaws.jar, file:/usr/lib/jvm/java-8-oracle/jre/lib/jce.jar, file:/usr/lib/jvm/java-8-oracle/jre/lib/jfr.jar, file:/usr/lib/jvm/java-8-oracle/jre/lib/jfxswt.jar, file:/usr/lib/jvm/java-8-oracle/jre/lib/jsse.jar, file:/usr/lib/jvm/java-8-oracle/jre/lib/management-agent.jar, file:/usr/lib/jvm/java-8-oracle/jre/lib/plugin.jar, file:/usr/lib/jvm/java-8-oracle/jre/lib/resources.jar, file:/usr/lib/jvm/java-8-oracle/jre/lib/rt.jar, file:/home/CIT/jonathans/poc-tests/tests-e2e-foundation/target/test-classes/, file:/home/CIT/jonathans/poc-tests/tests-e2e-foundation/target/classes/, file:/home/CIT/jonathans/.m2/repository/org/apache/commons/commons-exec/1.3/commons-exec-1.3.jar, file:/home/CIT/jonathans/.m2/repository/org/springframework/boot/spring-boot-starter-web/1.3.6.RELEASE/spring-boot-starter-web-1.3.6.RELEASE.jar, file:/home/CIT/jonathans/.m2/repository/org/springframework/boot/spring-boot-starter/1.3.6.RELEASE/spring-boot-starter-1.3.6.RELEASE.jar, file:/home/CIT/jonathans/.m2/repository/org/springframework/boot/spring-boot-autoconfigure/1.3.6.RELEASE/spring-boot-autoconfigure-1.3.6.RELEASE.jar, file:/home/CIT/jonathans/.m2/repository/org/springframework/boot/spring-boot-starter-logging/1.3.6.RELEASE/spring-boot-starter-logging-1.3.6.RELEASE.jar, file:/home/CIT/jonathans/.m2/repository/ch/qos/logback/logback-classic/1.1.7/logback-classic-1.1.7.jar, file:/home/CIT/jonathans/.m2/repository/ch/qos/logback/logback-core/1.1.7/logback-core-1.1.7.jar, file:/home/CIT/jonathans/.m2/repository/org/slf4j/jcl-over-slf4j/1.7.21/jcl-over-slf4j-1.7.21.jar, file:/home/CIT/jonathans/.m2/repository/org/slf4j/jul-to-slf4j/1.7.21/jul-to-slf4j-1.7.21.jar, file:/home/CIT/jonathans/.m2/repository/org/slf4j/log4j-over-slf4j/1.7.21/log4j-over-slf4j-1.7.21.jar, file:/home/CIT/jonathans/.m2/repository/org/yaml/snakeyaml/1.16/snakeyaml-1.16.jar, file:/home/CIT/jonathans/.m2/repository/org/springframework/boot/spring-boot-starter-tomcat/1.3.6.RELEASE/spring-boot-starter-tomcat-1.3.6.RELEASE.jar, file:/home/CIT/jonathans/.m2/repository/org/apache/tomcat/embed/tomcat-embed-core/8.0.36/tomcat-embed-core-8.0.36.jar, file:/home/CIT/jonathans/.m2/repository/org/apache/tomcat/embed/tomcat-embed-el/8.0.36/tomcat-embed-el-8.0.36.jar, file:/home/CIT/jonathans/.m2/repository/org/apache/tomcat/embed/tomcat-embed-logging-juli/8.0.36/tomcat-embed-logging-juli-8.0.36.jar, file:/home/CIT/jonathans/.m2/repository/org/apache/tomcat/embed/tomcat-embed-websocket/8.0.36/tomcat-embed-websocket-8.0.36.jar, file:/home/CIT/jonathans/.m2/repository/org/springframework/boot/spring-boot-starter-validation/1.3.6.RELEASE/spring-boot-starter-validation-1.3.6.RELEASE.jar, file:/home/CIT/jonathans/.m2/repository/org/hibernate/hibernate-validator/5.2.4.Final/hibernate-validator-5.2.4.Final.jar, file:/home/CIT/jonathans/.m2/repository/javax/validation/validation-api/1.1.0.Final/validation-api-1.1.0.Final.jar, file:/home/CIT/jonathans/.m2/repository/org/jboss/logging/jboss-logging/3.3.0.Final/jboss-logging-3.3.0.Final.jar, file:/home/CIT/jonathans/.m2/repository/com/fasterxml/classmate/1.1.0/classmate-1.1.0.jar, file:/home/CIT/jonathans/.m2/repository/com/fasterxml/jackson/core/jackson-databind/2.6.7/jackson-databind-2.6.7.jar, file:/home/CIT/jonathans/.m2/repository/com/fasterxml/jackson/core/jackson-annotations/2.6.7/jackson-annotations-2.6.7.jar, file:/home/CIT/jonathans/.m2/repository/com/fasterxml/jackson/core/jackson-core/2.6.7/jackson-core-2.6.7.jar, file:/home/CIT/jonathans/.m2/repository/org/springframework/spring-web/4.2.7.RELEASE/spring-web-4.2.7.RELEASE.jar, file:/home/CIT/jonathans/.m2/repository/org/springframework/spring-aop/4.2.7.RELEASE/spring-aop-4.2.7.RELEASE.jar, file:/home/CIT/jonathans/.m2/repository/aopalliance/aopalliance/1.0/aopalliance-1.0.jar, file:/home/CIT/jonathans/.m2/repository/org/springframework/spring-webmvc/4.2.7.RELEASE/spring-webmvc-4.2.7.RELEASE.jar, file:/home/CIT/jonathans/.m2/repository/org/springframework/spring-expression/4.2.7.RELEASE/spring-expression-4.2.7.RELEASE.jar, file:/home/CIT/jonathans/.m2/repository/org/springframework/spring-tx/4.3.0.RELEASE/spring-tx-4.3.0.RELEASE.jar, file:/home/CIT/jonathans/.m2/repository/org/springframework/spring-beans/4.2.7.RELEASE/spring-beans-4.2.7.RELEASE.jar, file:/home/CIT/jonathans/.m2/repository/org/springframework/spring-core/4.2.7.RELEASE/spring-core-4.2.7.RELEASE.jar, file:/home/CIT/jonathans/.m2/repository/org/springframework/boot/spring-boot-starter-test/1.3.6.RELEASE/spring-boot-starter-test-1.3.6.RELEASE.jar, file:/home/CIT/jonathans/.m2/repository/junit/junit/4.12/junit-4.12.jar, file:/home/CIT/jonathans/.m2/repository/org/mockito/mockito-core/1.10.19/mockito-core-1.10.19.jar, file:/home/CIT/jonathans/.m2/repository/org/objenesis/objenesis/2.1/objenesis-2.1.jar, file:/home/CIT/jonathans/.m2/repository/org/hamcrest/hamcrest-core/1.3/hamcrest-core-1.3.jar, file:/home/CIT/jonathans/.m2/repository/org/hamcrest/hamcrest-library/1.3/hamcrest-library-1.3.jar, file:/home/CIT/jonathans/.m2/repository/org/springframework/spring-test/4.2.7.RELEASE/spring-test-4.2.7.RELEASE.jar, file:/home/CIT/jonathans/.m2/repository/org/springframework/boot/spring-boot/1.3.6.RELEASE/spring-boot-1.3.6.RELEASE.jar, file:/home/CIT/jonathans/.m2/repository/org/springframework/spring-context/4.2.7.RELEASE/spring-context-4.2.7.RELEASE.jar, file:/home/CIT/jonathans/.m2/repository/info/cukes/cucumber-java/1.2.4/cucumber-java-1.2.4.jar, file:/home/CIT/jonathans/.m2/repository/info/cukes/cucumber-core/1.2.4/cucumber-core-1.2.4.jar, file:/home/CIT/jonathans/.m2/repository/info/cukes/cucumber-html/0.2.3/cucumber-html-0.2.3.jar, file:/home/CIT/jonathans/.m2/repository/info/cukes/cucumber-jvm-deps/1.0.5/cucumber-jvm-deps-1.0.5.jar, file:/home/CIT/jonathans/.m2/repository/info/cukes/gherkin/2.12.2/gherkin-2.12.2.jar, file:/home/CIT/jonathans/.m2/repository/info/cukes/cucumber-spring/1.2.4/cucumber-spring-1.2.4.jar, file:/home/CIT/jonathans/.m2/repository/info/cukes/cucumber-junit/1.2.4/cucumber-junit-1.2.4.jar, file:/home/CIT/jonathans/.m2/repository/org/seleniumhq/selenium/selenium-java/2.44.0/selenium-java-2.44.0.jar, file:/home/CIT/jonathans/.m2/repository/org/seleniumhq/selenium/selenium-chrome-driver/2.44.0/selenium-chrome-driver-2.44.0.jar, file:/home/CIT/jonathans/.m2/repository/org/seleniumhq/selenium/selenium-remote-driver/2.44.0/selenium-remote-driver-2.44.0.jar, file:/home/CIT/jonathans/.m2/repository/cglib/cglib-nodep/2.1_3/cglib-nodep-2.1_3.jar, file:/home/CIT/jonathans/.m2/repository/com/google/code/gson/gson/2.3.1/gson-2.3.1.jar, file:/home/CIT/jonathans/.m2/repository/org/seleniumhq/selenium/selenium-api/2.44.0/selenium-api-2.44.0.jar, file:/home/CIT/jonathans/.m2/repository/com/google/guava/guava/18.0/guava-18.0.jar, file:/home/CIT/jonathans/.m2/repository/org/seleniumhq/selenium/selenium-htmlunit-driver/2.44.0/selenium-htmlunit-driver-2.44.0.jar, file:/home/CIT/jonathans/.m2/repository/net/sourceforge/htmlunit/htmlunit/2.15/htmlunit-2.15.jar, file:/home/CIT/jonathans/.m2/repository/xalan/xalan/2.7.1/xalan-2.7.1.jar, file:/home/CIT/jonathans/.m2/repository/xalan/serializer/2.7.1/serializer-2.7.1.jar, file:/home/CIT/jonathans/.m2/repository/commons-collections/commons-collections/3.2.2/commons-collections-3.2.2.jar, file:/home/CIT/jonathans/.m2/repository/net/sourceforge/htmlunit/htmlunit-core-js/2.15/htmlunit-core-js-2.15.jar, file:/home/CIT/jonathans/.m2/repository/xerces/xercesImpl/2.11.0/xercesImpl-2.11.0.jar, file:/home/CIT/jonathans/.m2/repository/xml-apis/xml-apis/1.4.01/xml-apis-1.4.01.jar, file:/home/CIT/jonathans/.m2/repository/net/sourceforge/nekohtml/nekohtml/1.9.22/nekohtml-1.9.22.jar, file:/home/CIT/jonathans/.m2/repository/net/sourceforge/cssparser/cssparser/0.9.14/cssparser-0.9.14.jar, file:/home/CIT/jonathans/.m2/repository/org/w3c/css/sac/1.3/sac-1.3.jar, file:/home/CIT/jonathans/.m2/repository/commons-logging/commons-logging/1.1.3/commons-logging-1.1.3.jar, file:/home/CIT/jonathans/.m2/repository/org/eclipse/jetty/jetty-websocket/8.1.15.v20140411/jetty-websocket-8.1.15.v20140411.jar, file:/home/CIT/jonathans/.m2/repository/org/eclipse/jetty/jetty-util/9.2.17.v20160517/jetty-util-9.2.17.v20160517.jar, file:/home/CIT/jonathans/.m2/repository/org/eclipse/jetty/jetty-io/9.2.17.v20160517/jetty-io-9.2.17.v20160517.jar, file:/home/CIT/jonathans/.m2/repository/org/eclipse/jetty/jetty-http/9.2.17.v20160517/jetty-http-9.2.17.v20160517.jar, file:/home/CIT/jonathans/.m2/repository/org/seleniumhq/selenium/selenium-firefox-driver/2.44.0/selenium-firefox-driver-2.44.0.jar, file:/home/CIT/jonathans/.m2/repository/commons-io/commons-io/2.4/commons-io-2.4.jar, file:/home/CIT/jonathans/.m2/repository/org/seleniumhq/selenium/selenium-ie-driver/2.44.0/selenium-ie-driver-2.44.0.jar, file:/home/CIT/jonathans/.m2/repository/net/java/dev/jna/jna/3.4.0/jna-3.4.0.jar, file:/home/CIT/jonathans/.m2/repository/net/java/dev/jna/platform/3.4.0/platform-3.4.0.jar, file:/home/CIT/jonathans/.m2/repository/org/seleniumhq/selenium/selenium-safari-driver/2.44.0/selenium-safari-driver-2.44.0.jar, file:/home/CIT/jonathans/.m2/repository/org/seleniumhq/selenium/selenium-support/2.44.0/selenium-support-2.44.0.jar, file:/home/CIT/jonathans/.m2/repository/org/webbitserver/webbit/0.4.14/webbit-0.4.14.jar, file:/home/CIT/jonathans/.m2/repository/io/netty/netty/3.5.2.Final/netty-3.5.2.Final.jar, file:/home/CIT/jonathans/.m2/repository/com/jayway/restassured/rest-assured/2.7.0/rest-assured-2.7.0.jar, file:/home/CIT/jonathans/.m2/repository/org/codehaus/groovy/groovy/2.4.7/groovy-2.4.7.jar, file:/home/CIT/jonathans/.m2/repository/org/codehaus/groovy/groovy-xml/2.4.7/groovy-xml-2.4.7.jar, file:/home/CIT/jonathans/.m2/repository/org/apache/httpcomponents/httpclient/4.5.2/httpclient-4.5.2.jar, file:/home/CIT/jonathans/.m2/repository/org/apache/httpcomponents/httpcore/4.4.5/httpcore-4.4.5.jar, file:/home/CIT/jonathans/.m2/repository/commons-codec/commons-codec/1.9/commons-codec-1.9.jar, file:/home/CIT/jonathans/.m2/repository/org/apache/httpcomponents/httpmime/4.5.2/httpmime-4.5.2.jar, file:/home/CIT/jonathans/.m2/repository/org/ccil/cowan/tagsoup/tagsoup/1.2.1/tagsoup-1.2.1.jar, file:/home/CIT/jonathans/.m2/repository/com/jayway/restassured/json-path/2.7.0/json-path-2.7.0.jar, file:/home/CIT/jonathans/.m2/repository/org/codehaus/groovy/groovy-json/2.4.7/groovy-json-2.4.7.jar, file:/home/CIT/jonathans/.m2/repository/com/jayway/restassured/rest-assured-common/2.7.0/rest-assured-common-2.7.0.jar, file:/home/CIT/jonathans/.m2/repository/com/jayway/restassured/xml-path/2.7.0/xml-path-2.7.0.jar, file:/home/CIT/jonathans/.m2/repository/org/apache/commons/commons-lang3/3.3.2/commons-lang3-3.3.2.jar, file:/home/CIT/jonathans/.m2/repository/com/googlecode/json-simple/json-simple/1.1.1/json-simple-1.1.1.jar, file:/home/CIT/jonathans/.m2/repository/com/jcabi/jcabi-matchers/1.3/jcabi-matchers-1.3.jar, file:/home/CIT/jonathans/.m2/repository/com/jcabi/jcabi-log/0.14.3/jcabi-log-0.14.3.jar, file:/home/CIT/jonathans/.m2/repository/org/slf4j/slf4j-api/1.7.21/slf4j-api-1.7.21.jar, file:/home/CIT/jonathans/.m2/repository/com/jcabi/jcabi-aspects/0.17.1/jcabi-aspects-0.17.1.jar, file:/home/CIT/jonathans/.m2/repository/org/aspectj/aspectjrt/1.8.9/aspectjrt-1.8.9.jar, file:/home/CIT/jonathans/.m2/repository/org/projectlombok/lombok/1.16.10/lombok-1.16.10.jar, file:/home/CIT/jonathans/.m2/repository/org/json/json/20160810/json-20160810.jar]
2017-07-04 11:04:34.646  INFO 7733 --- [main] com.e2e.steps.BaseSteps                  : Starting BaseSteps on lnxcit009559bh with PID 7733 (/home/CIT/jonathans/poc-tests/tests-e2e-foundation/target/test-classes started by jonathans in /home/CIT/jonathans/poc-tests/tests-e2e-foundation)
2017-07-04 11:04:34.646  INFO 7733 --- [main] com.e2e.steps.BaseSteps                  : No active profile set, falling back to default profiles: default
2017-07-04 11:04:34.867  INFO 7733 --- [main] s.c.a.AnnotationConfigApplicationContext : Refreshing org.springframework.context.annotation.AnnotationConfigApplicationContext@278f8425: startup date [Tue Jul 04 11:04:34 BRT 2017]; root of context hierarchy
2017-07-04 11:04:36.119  INFO 7733 --- [main] com.e2e.steps.BaseSteps                  : Started BaseSteps in 1.774 seconds (JVM running for 3.185)
2017-07-04 11:04:55.377  INFO 7733 --- [Thread-1] s.c.a.AnnotationConfigApplicationContext : Closing org.springframework.context.annotation.AnnotationConfigApplicationContext@278f8425: startup date [Tue Jul 04 11:04:34 BRT 2017]; root of context hierarchy
2017-07-04 11:09:19.416  INFO 8036 --- [main] com.e2e.steps.BaseSteps                  : Starting BaseSteps on lnxcit009559bh with PID 8036 (/home/CIT/jonathans/poc-tests/tests-e2e-foundation/target/test-classes started by jonathans in /home/CIT/jonathans/poc-tests/tests-e2e-foundation)
2017-07-04 11:09:19.416  INFO 8036 --- [main] com.e2e.steps.BaseSteps                  : No active profile set, falling back to default profiles: default
2017-07-04 11:09:19.648  INFO 8036 --- [main] s.c.a.AnnotationConfigApplicationContext : Refreshing org.springframework.context.annotation.AnnotationConfigApplicationContext@695a69a1: startup date [Tue Jul 04 11:09:19 BRT 2017]; root of context hierarchy
2017-07-04 11:09:20.767  INFO 8036 --- [main] com.e2e.steps.BaseSteps                  : Started BaseSteps in 1.654 seconds (JVM running for 2.803)
2017-07-04 11:09:24.880  INFO 8036 --- [Thread-1] s.c.a.AnnotationConfigApplicationContext : Closing org.springframework.context.annotation.AnnotationConfigApplicationContext@695a69a1: startup date [Tue Jul 04 11:09:19 BRT 2017]; root of context hierarchy
2017-07-04 11:09:37.375  INFO 8215 --- [main] com.e2e.steps.BaseSteps                  : Starting BaseSteps on lnxcit009559bh with PID 8215 (/home/CIT/jonathans/poc-tests/tests-e2e-foundation/target/test-classes started by jonathans in /home/CIT/jonathans/poc-tests/tests-e2e-foundation)
2017-07-04 11:09:37.376  INFO 8215 --- [main] com.e2e.steps.BaseSteps                  : No active profile set, falling back to default profiles: default
2017-07-04 11:09:37.599  INFO 8215 --- [main] s.c.a.AnnotationConfigApplicationContext : Refreshing org.springframework.context.annotation.AnnotationConfigApplicationContext@278f8425: startup date [Tue Jul 04 11:09:37 BRT 2017]; root of context hierarchy
2017-07-04 11:09:38.588  INFO 8215 --- [main] com.e2e.steps.BaseSteps                  : Started BaseSteps in 1.465 seconds (JVM running for 2.622)
2017-07-04 11:09:42.205  INFO 8215 --- [Thread-1] s.c.a.AnnotationConfigApplicationContext : Closing org.springframework.context.annotation.AnnotationConfigApplicationContext@278f8425: startup date [Tue Jul 04 11:09:37 BRT 2017]; root of context hierarchy
2017-07-04 11:10:23.645  INFO 8407 --- [main] com.e2e.steps.SearchSteps                : Starting SearchSteps on lnxcit009559bh with PID 8407 (/home/CIT/jonathans/poc-tests/tests-e2e-foundation/target/test-classes started by jonathans in /home/CIT/jonathans/poc-tests/tests-e2e-foundation)
2017-07-04 11:10:23.645  INFO 8407 --- [main] com.e2e.steps.SearchSteps                : No active profile set, falling back to default profiles: default
2017-07-04 11:10:23.869  INFO 8407 --- [main] s.c.a.AnnotationConfigApplicationContext : Refreshing org.springframework.context.annotation.AnnotationConfigApplicationContext@5c18016b: startup date [Tue Jul 04 11:10:23 BRT 2017]; root of context hierarchy
2017-07-04 11:10:24.889  INFO 8407 --- [main] com.e2e.steps.SearchSteps                : Started SearchSteps in 1.515 seconds (JVM running for 2.441)
2017-07-04 11:10:29.603  INFO 8407 --- [Thread-1] s.c.a.AnnotationConfigApplicationContext : Closing org.springframework.context.annotation.AnnotationConfigApplicationContext@5c18016b: startup date [Tue Jul 04 11:10:23 BRT 2017]; root of context hierarchy
2017-07-04 11:11:13.164  INFO 8620 --- [main] com.e2e.steps.SearchSteps                : Starting SearchSteps on lnxcit009559bh with PID 8620 (/home/CIT/jonathans/poc-tests/tests-e2e-foundation/target/test-classes started by jonathans in /home/CIT/jonathans/poc-tests/tests-e2e-foundation)
2017-07-04 11:11:13.164  INFO 8620 --- [main] com.e2e.steps.SearchSteps                : No active profile set, falling back to default profiles: default
2017-07-04 11:11:13.333  INFO 8620 --- [main] s.c.a.AnnotationConfigApplicationContext : Refreshing org.springframework.context.annotation.AnnotationConfigApplicationContext@47c4ecdc: startup date [Tue Jul 04 11:11:13 BRT 2017]; root of context hierarchy
2017-07-04 11:11:14.388  INFO 8620 --- [main] com.e2e.steps.SearchSteps                : Started SearchSteps in 1.446 seconds (JVM running for 2.454)
2017-07-04 11:11:18.838  INFO 8620 --- [Thread-1] s.c.a.AnnotationConfigApplicationContext : Closing org.springframework.context.annotation.AnnotationConfigApplicationContext@47c4ecdc: startup date [Tue Jul 04 11:11:13 BRT 2017]; root of context hierarchy
2017-07-04 11:12:14.203  INFO 8831 --- [main] com.e2e.steps.SearchSteps                : Starting SearchSteps on lnxcit009559bh with PID 8831 (/home/CIT/jonathans/poc-tests/tests-e2e-foundation/target/test-classes started by jonathans in /home/CIT/jonathans/poc-tests/tests-e2e-foundation)
2017-07-04 11:12:14.204  INFO 8831 --- [main] com.e2e.steps.SearchSteps                : No active profile set, falling back to default profiles: default
2017-07-04 11:12:14.386  INFO 8831 --- [main] s.c.a.AnnotationConfigApplicationContext : Refreshing org.springframework.context.annotation.AnnotationConfigApplicationContext@793138bd: startup date [Tue Jul 04 11:12:14 BRT 2017]; root of context hierarchy
2017-07-04 11:12:15.347  INFO 8831 --- [main] com.e2e.steps.SearchSteps                : Started SearchSteps in 1.401 seconds (JVM running for 2.411)
2017-07-04 11:12:18.779  INFO 8831 --- [Thread-1] s.c.a.AnnotationConfigApplicationContext : Closing org.springframework.context.annotation.AnnotationConfigApplicationContext@793138bd: startup date [Tue Jul 04 11:12:14 BRT 2017]; root of context hierarchy
2017-07-04 11:13:08.498  INFO 9027 --- [main] com.e2e.steps.BaseSteps                  : Starting BaseSteps on lnxcit009559bh with PID 9027 (/home/CIT/jonathans/poc-tests/tests-e2e-foundation/target/test-classes started by jonathans in /home/CIT/jonathans/poc-tests/tests-e2e-foundation)
2017-07-04 11:13:08.499  INFO 9027 --- [main] com.e2e.steps.BaseSteps                  : No active profile set, falling back to default profiles: default
2017-07-04 11:13:08.735  INFO 9027 --- [main] s.c.a.AnnotationConfigApplicationContext : Refreshing org.springframework.context.annotation.AnnotationConfigApplicationContext@27f1bbe0: startup date [Tue Jul 04 11:13:08 BRT 2017]; root of context hierarchy
2017-07-04 11:13:09.803  INFO 9027 --- [main] com.e2e.steps.BaseSteps                  : Started BaseSteps in 1.565 seconds (JVM running for 2.788)
2017-07-04 11:13:14.690  INFO 9027 --- [Thread-1] s.c.a.AnnotationConfigApplicationContext : Closing org.springframework.context.annotation.AnnotationConfigApplicationContext@27f1bbe0: startup date [Tue Jul 04 11:13:08 BRT 2017]; root of context hierarchy
2017-07-04 11:14:08.702  INFO 9249 --- [main] com.e2e.steps.BaseSteps                  : Starting BaseSteps on lnxcit009559bh with PID 9249 (/home/CIT/jonathans/poc-tests/tests-e2e-foundation/target/test-classes started by jonathans in /home/CIT/jonathans/poc-tests/tests-e2e-foundation)
2017-07-04 11:14:08.702  INFO 9249 --- [main] com.e2e.steps.BaseSteps                  : No active profile set, falling back to default profiles: default
2017-07-04 11:14:08.913  INFO 9249 --- [main] s.c.a.AnnotationConfigApplicationContext : Refreshing org.springframework.context.annotation.AnnotationConfigApplicationContext@34b9fc7d: startup date [Tue Jul 04 11:14:08 BRT 2017]; root of context hierarchy
2017-07-04 11:14:09.889  INFO 9249 --- [main] com.e2e.steps.BaseSteps                  : Started BaseSteps in 1.477 seconds (JVM running for 2.66)
2017-07-04 11:15:59.834  INFO 9249 --- [Thread-1] s.c.a.AnnotationConfigApplicationContext : Closing org.springframework.context.annotation.AnnotationConfigApplicationContext@34b9fc7d: startup date [Tue Jul 04 11:14:08 BRT 2017]; root of context hierarchy
2017-07-04 11:17:34.956  INFO 9593 --- [main] com.e2e.steps.BaseSteps                  : Starting BaseSteps on lnxcit009559bh with PID 9593 (/home/CIT/jonathans/poc-tests/tests-e2e-foundation/target/test-classes started by jonathans in /home/CIT/jonathans/poc-tests/tests-e2e-foundation)
2017-07-04 11:17:34.956  INFO 9593 --- [main] com.e2e.steps.BaseSteps                  : No active profile set, falling back to default profiles: default
2017-07-04 11:17:35.219  INFO 9593 --- [main] s.c.a.AnnotationConfigApplicationContext : Refreshing org.springframework.context.annotation.AnnotationConfigApplicationContext@34b9fc7d: startup date [Tue Jul 04 11:17:35 BRT 2017]; root of context hierarchy
2017-07-04 11:17:36.277  INFO 9593 --- [main] com.e2e.steps.BaseSteps                  : Started BaseSteps in 1.618 seconds (JVM running for 2.825)
2017-07-04 11:17:49.171  INFO 9593 --- [Thread-1] s.c.a.AnnotationConfigApplicationContext : Closing org.springframework.context.annotation.AnnotationConfigApplicationContext@34b9fc7d: startup date [Tue Jul 04 11:17:35 BRT 2017]; root of context hierarchy
2017-07-04 11:24:13.007  INFO 9958 --- [main] com.e2e.steps.BaseSteps                  : Starting BaseSteps on lnxcit009559bh with PID 9958 (/home/CIT/jonathans/poc-tests/tests-e2e-foundation/target/test-classes started by jonathans in /home/CIT/jonathans/poc-tests/tests-e2e-foundation)
2017-07-04 11:24:13.008  INFO 9958 --- [main] com.e2e.steps.BaseSteps                  : No active profile set, falling back to default profiles: default
2017-07-04 11:24:13.222  INFO 9958 --- [main] s.c.a.AnnotationConfigApplicationContext : Refreshing org.springframework.context.annotation.AnnotationConfigApplicationContext@34b9fc7d: startup date [Tue Jul 04 11:24:13 BRT 2017]; root of context hierarchy
2017-07-04 11:24:14.312  INFO 9958 --- [main] com.e2e.steps.BaseSteps                  : Started BaseSteps in 1.564 seconds (JVM running for 2.791)
2017-07-04 11:24:48.984  INFO 9958 --- [Thread-1] s.c.a.AnnotationConfigApplicationContext : Closing org.springframework.context.annotation.AnnotationConfigApplicationContext@34b9fc7d: startup date [Tue Jul 04 11:24:13 BRT 2017]; root of context hierarchy
2017-07-04 11:26:25.082  INFO 10199 --- [main] com.e2e.steps.BaseSteps                  : Starting BaseSteps on lnxcit009559bh with PID 10199 (/home/CIT/jonathans/poc-tests/tests-e2e-foundation/target/test-classes started by jonathans in /home/CIT/jonathans/poc-tests/tests-e2e-foundation)
2017-07-04 11:26:25.083  INFO 10199 --- [main] com.e2e.steps.BaseSteps                  : No active profile set, falling back to default profiles: default
2017-07-04 11:26:25.302  INFO 10199 --- [main] s.c.a.AnnotationConfigApplicationContext : Refreshing org.springframework.context.annotation.AnnotationConfigApplicationContext@27f1bbe0: startup date [Tue Jul 04 11:26:25 BRT 2017]; root of context hierarchy
2017-07-04 11:26:26.461  INFO 10199 --- [main] com.e2e.steps.BaseSteps                  : Started BaseSteps in 1.665 seconds (JVM running for 2.741)
2017-07-04 11:26:33.387  INFO 10199 --- [Thread-1] s.c.a.AnnotationConfigApplicationContext : Closing org.springframework.context.annotation.AnnotationConfigApplicationContext@27f1bbe0: startup date [Tue Jul 04 11:26:25 BRT 2017]; root of context hierarchy
2017-07-04 11:27:50.688  INFO 10420 --- [main] com.e2e.steps.BaseSteps                  : Starting BaseSteps on lnxcit009559bh with PID 10420 (/home/CIT/jonathans/poc-tests/tests-e2e-foundation/target/test-classes started by jonathans in /home/CIT/jonathans/poc-tests/tests-e2e-foundation)
2017-07-04 11:27:50.688  INFO 10420 --- [main] com.e2e.steps.BaseSteps                  : No active profile set, falling back to default profiles: default
2017-07-04 11:27:50.912  INFO 10420 --- [main] s.c.a.AnnotationConfigApplicationContext : Refreshing org.springframework.context.annotation.AnnotationConfigApplicationContext@27f1bbe0: startup date [Tue Jul 04 11:27:50 BRT 2017]; root of context hierarchy
2017-07-04 11:27:52.173  INFO 10420 --- [main] com.e2e.steps.BaseSteps                  : Started BaseSteps in 1.769 seconds (JVM running for 2.906)
2017-07-04 11:27:56.090  INFO 10420 --- [Thread-1] s.c.a.AnnotationConfigApplicationContext : Closing org.springframework.context.annotation.AnnotationConfigApplicationContext@27f1bbe0: startup date [Tue Jul 04 11:27:50 BRT 2017]; root of context hierarchy
2017-07-04 11:28:55.754  INFO 10615 --- [main] com.e2e.steps.BaseSteps                  : Starting BaseSteps on lnxcit009559bh with PID 10615 (/home/CIT/jonathans/poc-tests/tests-e2e-foundation/target/test-classes started by jonathans in /home/CIT/jonathans/poc-tests/tests-e2e-foundation)
2017-07-04 11:28:55.754  INFO 10615 --- [main] com.e2e.steps.BaseSteps                  : No active profile set, falling back to default profiles: default
2017-07-04 11:28:55.975  INFO 10615 --- [main] s.c.a.AnnotationConfigApplicationContext : Refreshing org.springframework.context.annotation.AnnotationConfigApplicationContext@27f1bbe0: startup date [Tue Jul 04 11:28:55 BRT 2017]; root of context hierarchy
2017-07-04 11:28:57.328  INFO 10615 --- [main] com.e2e.steps.BaseSteps                  : Started BaseSteps in 1.877 seconds (JVM running for 2.992)
2017-07-04 11:29:01.382  INFO 10615 --- [Thread-1] s.c.a.AnnotationConfigApplicationContext : Closing org.springframework.context.annotation.AnnotationConfigApplicationContext@27f1bbe0: startup date [Tue Jul 04 11:28:55 BRT 2017]; root of context hierarchy
2017-07-04 13:50:49.561  INFO 12941 --- [main] com.e2e.steps.SearchSteps                : Starting SearchSteps on lnxcit009559bh with PID 12941 (/home/CIT/jonathans/poc-tests/tests-e2e-foundation/target/test-classes started by jonathans in /home/CIT/jonathans/poc-tests/tests-e2e-foundation)
2017-07-04 13:50:49.562  INFO 12941 --- [main] com.e2e.steps.SearchSteps                : No active profile set, falling back to default profiles: default
2017-07-04 13:50:49.845  INFO 12941 --- [main] s.c.a.AnnotationConfigApplicationContext : Refreshing org.springframework.context.annotation.AnnotationConfigApplicationContext@27f1bbe0: startup date [Tue Jul 04 13:50:49 BRT 2017]; root of context hierarchy
2017-07-04 13:50:51.005  INFO 12941 --- [main] com.e2e.steps.SearchSteps                : Started SearchSteps in 1.699 seconds (JVM running for 2.84)
2017-07-04 13:50:55.270  INFO 12941 --- [Thread-1] s.c.a.AnnotationConfigApplicationContext : Closing org.springframework.context.annotation.AnnotationConfigApplicationContext@27f1bbe0: startup date [Tue Jul 04 13:50:49 BRT 2017]; root of context hierarchy
2017-07-04 13:54:05.911  INFO 13218 --- [main] com.e2e.steps.BaseSteps                  : Starting BaseSteps on lnxcit009559bh with PID 13218 (/home/CIT/jonathans/poc-tests/tests-e2e-foundation/target/test-classes started by jonathans in /home/CIT/jonathans/poc-tests/tests-e2e-foundation)
2017-07-04 13:54:05.912  INFO 13218 --- [main] com.e2e.steps.BaseSteps                  : No active profile set, falling back to default profiles: default
2017-07-04 13:54:06.164  INFO 13218 --- [main] s.c.a.AnnotationConfigApplicationContext : Refreshing org.springframework.context.annotation.AnnotationConfigApplicationContext@6fe46b62: startup date [Tue Jul 04 13:54:06 BRT 2017]; root of context hierarchy
2017-07-04 13:54:07.261  INFO 13218 --- [main] com.e2e.steps.BaseSteps                  : Started BaseSteps in 1.644 seconds (JVM running for 2.843)
2017-07-04 13:54:12.607  INFO 13218 --- [Thread-1] s.c.a.AnnotationConfigApplicationContext : Closing org.springframework.context.annotation.AnnotationConfigApplicationContext@6fe46b62: startup date [Tue Jul 04 13:54:06 BRT 2017]; root of context hierarchy
2017-07-04 13:54:50.274  INFO 13506 --- [main] com.e2e.steps.BaseSteps                  : Starting BaseSteps on lnxcit009559bh with PID 13506 (/home/CIT/jonathans/poc-tests/tests-e2e-foundation/target/test-classes started by jonathans in /home/CIT/jonathans/poc-tests/tests-e2e-foundation)
2017-07-04 13:54:50.274  INFO 13506 --- [main] com.e2e.steps.BaseSteps                  : No active profile set, falling back to default profiles: default
2017-07-04 13:54:50.510  INFO 13506 --- [main] s.c.a.AnnotationConfigApplicationContext : Refreshing org.springframework.context.annotation.AnnotationConfigApplicationContext@6fe46b62: startup date [Tue Jul 04 13:54:50 BRT 2017]; root of context hierarchy
2017-07-04 13:54:51.639  INFO 13506 --- [main] com.e2e.steps.BaseSteps                  : Started BaseSteps in 1.658 seconds (JVM running for 2.772)
2017-07-04 13:54:56.348  INFO 13506 --- [Thread-1] s.c.a.AnnotationConfigApplicationContext : Closing org.springframework.context.annotation.AnnotationConfigApplicationContext@6fe46b62: startup date [Tue Jul 04 13:54:50 BRT 2017]; root of context hierarchy
2017-07-04 13:56:32.447  INFO 13808 --- [main] com.e2e.steps.BaseSteps                  : Starting BaseSteps on lnxcit009559bh with PID 13808 (/home/CIT/jonathans/poc-tests/tests-e2e-foundation/target/test-classes started by jonathans in /home/CIT/jonathans/poc-tests/tests-e2e-foundation)
2017-07-04 13:56:32.447  INFO 13808 --- [main] com.e2e.steps.BaseSteps                  : No active profile set, falling back to default profiles: default
2017-07-04 13:56:32.713  INFO 13808 --- [main] s.c.a.AnnotationConfigApplicationContext : Refreshing org.springframework.context.annotation.AnnotationConfigApplicationContext@4b6ac111: startup date [Tue Jul 04 13:56:32 BRT 2017]; root of context hierarchy
2017-07-04 13:56:33.938  INFO 13808 --- [main] com.e2e.steps.BaseSteps                  : Started BaseSteps in 1.734 seconds (JVM running for 2.896)
2017-07-04 13:56:38.879  INFO 13808 --- [Thread-1] s.c.a.AnnotationConfigApplicationContext : Closing org.springframework.context.annotation.AnnotationConfigApplicationContext@4b6ac111: startup date [Tue Jul 04 13:56:32 BRT 2017]; root of context hierarchy
2017-07-04 13:57:09.038  INFO 14090 --- [main] com.e2e.steps.BaseSteps                  : Starting BaseSteps on lnxcit009559bh with PID 14090 (/home/CIT/jonathans/poc-tests/tests-e2e-foundation/target/test-classes started by jonathans in /home/CIT/jonathans/poc-tests/tests-e2e-foundation)
2017-07-04 13:57:09.038  INFO 14090 --- [main] com.e2e.steps.BaseSteps                  : No active profile set, falling back to default profiles: default
2017-07-04 13:57:09.331  INFO 14090 --- [main] s.c.a.AnnotationConfigApplicationContext : Refreshing org.springframework.context.annotation.AnnotationConfigApplicationContext@34b9fc7d: startup date [Tue Jul 04 13:57:09 BRT 2017]; root of context hierarchy
2017-07-04 13:57:10.804  INFO 14090 --- [main] com.e2e.steps.BaseSteps                  : Started BaseSteps in 2.174 seconds (JVM running for 3.703)
2017-07-04 13:58:12.643  INFO 14090 --- [Thread-1] s.c.a.AnnotationConfigApplicationContext : Closing org.springframework.context.annotation.AnnotationConfigApplicationContext@34b9fc7d: startup date [Tue Jul 04 13:57:09 BRT 2017]; root of context hierarchy
2017-07-04 13:58:19.967  INFO 14390 --- [main] com.e2e.steps.BaseSteps                  : Starting BaseSteps on lnxcit009559bh with PID 14390 (/home/CIT/jonathans/poc-tests/tests-e2e-foundation/target/test-classes started by jonathans in /home/CIT/jonathans/poc-tests/tests-e2e-foundation)
2017-07-04 13:58:19.968  INFO 14390 --- [main] com.e2e.steps.BaseSteps                  : No active profile set, falling back to default profiles: default
2017-07-04 13:58:20.363  INFO 14390 --- [main] s.c.a.AnnotationConfigApplicationContext : Refreshing org.springframework.context.annotation.AnnotationConfigApplicationContext@6ce90bc5: startup date [Tue Jul 04 13:58:20 BRT 2017]; root of context hierarchy
2017-07-04 13:58:21.735  INFO 14390 --- [main] com.e2e.steps.BaseSteps                  : Started BaseSteps in 2.136 seconds (JVM running for 3.63)
2017-07-04 13:58:43.897  INFO 14390 --- [Thread-1] s.c.a.AnnotationConfigApplicationContext : Closing org.springframework.context.annotation.AnnotationConfigApplicationContext@6ce90bc5: startup date [Tue Jul 04 13:58:20 BRT 2017]; root of context hierarchy
2017-07-04 13:59:06.925  INFO 14663 --- [main] com.e2e.steps.BaseSteps                  : Starting BaseSteps on lnxcit009559bh with PID 14663 (/home/CIT/jonathans/poc-tests/tests-e2e-foundation/target/test-classes started by jonathans in /home/CIT/jonathans/poc-tests/tests-e2e-foundation)
2017-07-04 13:59:06.926  INFO 14663 --- [main] com.e2e.steps.BaseSteps                  : No active profile set, falling back to default profiles: default
2017-07-04 13:59:07.247  INFO 14663 --- [main] s.c.a.AnnotationConfigApplicationContext : Refreshing org.springframework.context.annotation.AnnotationConfigApplicationContext@6fe46b62: startup date [Tue Jul 04 13:59:07 BRT 2017]; root of context hierarchy
2017-07-04 13:59:08.804  INFO 14663 --- [main] com.e2e.steps.BaseSteps                  : Started BaseSteps in 2.245 seconds (JVM running for 3.683)
2017-07-04 14:01:32.386  INFO 14663 --- [Thread-1] s.c.a.AnnotationConfigApplicationContext : Closing org.springframework.context.annotation.AnnotationConfigApplicationContext@6fe46b62: startup date [Tue Jul 04 13:59:07 BRT 2017]; root of context hierarchy
2017-07-04 14:07:46.859  INFO 15349 --- [main] com.e2e.steps.BaseSteps                  : Starting BaseSteps on lnxcit009559bh with PID 15349 (/home/CIT/jonathans/poc-tests/tests-e2e-foundation/target/test-classes started by jonathans in /home/CIT/jonathans/poc-tests/tests-e2e-foundation)
2017-07-04 14:07:46.859  INFO 15349 --- [main] com.e2e.steps.BaseSteps                  : No active profile set, falling back to default profiles: default
2017-07-04 14:07:47.095  INFO 15349 --- [main] s.c.a.AnnotationConfigApplicationContext : Refreshing org.springframework.context.annotation.AnnotationConfigApplicationContext@6ce90bc5: startup date [Tue Jul 04 14:07:47 BRT 2017]; root of context hierarchy
2017-07-04 14:07:48.316  INFO 15349 --- [main] com.e2e.steps.BaseSteps                  : Started BaseSteps in 1.748 seconds (JVM running for 2.977)
2017-07-04 14:11:26.609  INFO 15349 --- [Thread-1] s.c.a.AnnotationConfigApplicationContext : Closing org.springframework.context.annotation.AnnotationConfigApplicationContext@6ce90bc5: startup date [Tue Jul 04 14:07:47 BRT 2017]; root of context hierarchy
2017-07-04 14:12:59.767  INFO 15877 --- [main] com.e2e.steps.BaseSteps                  : Starting BaseSteps on lnxcit009559bh with PID 15877 (/home/CIT/jonathans/poc-tests/tests-e2e-foundation/target/test-classes started by jonathans in /home/CIT/jonathans/poc-tests/tests-e2e-foundation)
2017-07-04 14:12:59.767  INFO 15877 --- [main] com.e2e.steps.BaseSteps                  : No active profile set, falling back to default profiles: default
2017-07-04 14:13:00.031  INFO 15877 --- [main] s.c.a.AnnotationConfigApplicationContext : Refreshing org.springframework.context.annotation.AnnotationConfigApplicationContext@34b9fc7d: startup date [Tue Jul 04 14:13:00 BRT 2017]; root of context hierarchy
2017-07-04 14:13:01.337  INFO 15877 --- [main] com.e2e.steps.BaseSteps                  : Started BaseSteps in 1.86 seconds (JVM running for 3.039)
2017-07-04 14:13:33.131  INFO 15877 --- [Thread-1] s.c.a.AnnotationConfigApplicationContext : Closing org.springframework.context.annotation.AnnotationConfigApplicationContext@34b9fc7d: startup date [Tue Jul 04 14:13:00 BRT 2017]; root of context hierarchy
2017-07-04 14:44:10.750  INFO 17401 --- [main] com.e2e.steps.BaseSteps                  : Starting BaseSteps on lnxcit009559bh with PID 17401 (/home/CIT/jonathans/poc-tests/tests-e2e-foundation/target/test-classes started by jonathans in /home/CIT/jonathans/poc-tests/tests-e2e-foundation)
2017-07-04 14:44:10.751  INFO 17401 --- [main] com.e2e.steps.BaseSteps                  : No active profile set, falling back to default profiles: default
2017-07-04 14:44:10.989  INFO 17401 --- [main] s.c.a.AnnotationConfigApplicationContext : Refreshing org.springframework.context.annotation.AnnotationConfigApplicationContext@29a23c3d: startup date [Tue Jul 04 14:44:10 BRT 2017]; root of context hierarchy
2017-07-04 14:44:12.177  INFO 17401 --- [main] com.e2e.steps.BaseSteps                  : Started BaseSteps in 1.729 seconds (JVM running for 2.835)
2017-07-04 14:44:16.467  INFO 17401 --- [Thread-1] s.c.a.AnnotationConfigApplicationContext : Closing org.springframework.context.annotation.AnnotationConfigApplicationContext@29a23c3d: startup date [Tue Jul 04 14:44:10 BRT 2017]; root of context hierarchy
2017-07-04 14:45:15.816  INFO 17618 --- [main] com.e2e.steps.BaseSteps                  : Starting BaseSteps on lnxcit009559bh with PID 17618 (/home/CIT/jonathans/poc-tests/tests-e2e-foundation/target/test-classes started by jonathans in /home/CIT/jonathans/poc-tests/tests-e2e-foundation)
2017-07-04 14:45:15.817  INFO 17618 --- [main] com.e2e.steps.BaseSteps                  : No active profile set, falling back to default profiles: default
2017-07-04 14:45:16.073  INFO 17618 --- [main] s.c.a.AnnotationConfigApplicationContext : Refreshing org.springframework.context.annotation.AnnotationConfigApplicationContext@7c28c1: startup date [Tue Jul 04 14:45:16 BRT 2017]; root of context hierarchy
2017-07-04 14:45:17.115  INFO 17618 --- [main] com.e2e.steps.BaseSteps                  : Started BaseSteps in 1.601 seconds (JVM running for 2.729)
2017-07-04 14:45:21.199  INFO 17618 --- [Thread-1] s.c.a.AnnotationConfigApplicationContext : Closing org.springframework.context.annotation.AnnotationConfigApplicationContext@7c28c1: startup date [Tue Jul 04 14:45:16 BRT 2017]; root of context hierarchy
2017-07-04 14:48:11.948  INFO 17868 --- [main] com.e2e.steps.BaseSteps                  : Starting BaseSteps on lnxcit009559bh with PID 17868 (/home/CIT/jonathans/poc-tests/tests-e2e-foundation/target/test-classes started by jonathans in /home/CIT/jonathans/poc-tests/tests-e2e-foundation)
2017-07-04 14:48:11.949  INFO 17868 --- [main] com.e2e.steps.BaseSteps                  : No active profile set, falling back to default profiles: default
2017-07-04 14:48:12.204  INFO 17868 --- [main] s.c.a.AnnotationConfigApplicationContext : Refreshing org.springframework.context.annotation.AnnotationConfigApplicationContext@7c211fd0: startup date [Tue Jul 04 14:48:12 BRT 2017]; root of context hierarchy
2017-07-04 14:48:13.431  INFO 17868 --- [main] com.e2e.steps.BaseSteps                  : Started BaseSteps in 1.725 seconds (JVM running for 2.857)
2017-07-04 14:48:17.952  INFO 17868 --- [Thread-1] s.c.a.AnnotationConfigApplicationContext : Closing org.springframework.context.annotation.AnnotationConfigApplicationContext@7c211fd0: startup date [Tue Jul 04 14:48:12 BRT 2017]; root of context hierarchy
2017-07-04 14:49:35.067  INFO 18069 --- [main] com.e2e.steps.BaseSteps                  : Starting BaseSteps on lnxcit009559bh with PID 18069 (/home/CIT/jonathans/poc-tests/tests-e2e-foundation/target/test-classes started by jonathans in /home/CIT/jonathans/poc-tests/tests-e2e-foundation)
2017-07-04 14:49:35.068  INFO 18069 --- [main] com.e2e.steps.BaseSteps                  : No active profile set, falling back to default profiles: default
2017-07-04 14:49:35.313  INFO 18069 --- [main] s.c.a.AnnotationConfigApplicationContext : Refreshing org.springframework.context.annotation.AnnotationConfigApplicationContext@7c211fd0: startup date [Tue Jul 04 14:49:35 BRT 2017]; root of context hierarchy
2017-07-04 14:49:36.573  INFO 18069 --- [main] com.e2e.steps.BaseSteps                  : Started BaseSteps in 1.797 seconds (JVM running for 2.97)
2017-07-04 14:50:02.557  INFO 18069 --- [Thread-1] s.c.a.AnnotationConfigApplicationContext : Closing org.springframework.context.annotation.AnnotationConfigApplicationContext@7c211fd0: startup date [Tue Jul 04 14:49:35 BRT 2017]; root of context hierarchy
2017-07-04 15:06:46.922  INFO 19007 --- [main] com.e2e.steps.BaseSteps                  : Starting BaseSteps on lnxcit009559bh with PID 19007 (/home/CIT/jonathans/poc-tests/tests-e2e-foundation/target/test-classes started by jonathans in /home/CIT/jonathans/poc-tests/tests-e2e-foundation)
2017-07-04 15:06:46.922  INFO 19007 --- [main] com.e2e.steps.BaseSteps                  : No active profile set, falling back to default profiles: default
2017-07-04 15:06:47.160  INFO 19007 --- [main] s.c.a.AnnotationConfigApplicationContext : Refreshing org.springframework.context.annotation.AnnotationConfigApplicationContext@1d207fad: startup date [Tue Jul 04 15:06:47 BRT 2017]; root of context hierarchy
2017-07-04 15:06:49.293  INFO 19007 --- [main] com.e2e.steps.BaseSteps                  : Started BaseSteps in 2.664 seconds (JVM running for 3.813)
2017-07-04 15:06:53.660  INFO 19007 --- [Thread-1] s.c.a.AnnotationConfigApplicationContext : Closing org.springframework.context.annotation.AnnotationConfigApplicationContext@1d207fad: startup date [Tue Jul 04 15:06:47 BRT 2017]; root of context hierarchy
2017-07-04 15:07:11.279  INFO 19282 --- [main] com.e2e.steps.BaseSteps                  : Starting BaseSteps on lnxcit009559bh with PID 19282 (/home/CIT/jonathans/poc-tests/tests-e2e-foundation/target/test-classes started by jonathans in /home/CIT/jonathans/poc-tests/tests-e2e-foundation)
2017-07-04 15:07:11.279  INFO 19282 --- [main] com.e2e.steps.BaseSteps                  : No active profile set, falling back to default profiles: default
2017-07-04 15:07:11.505  INFO 19282 --- [main] s.c.a.AnnotationConfigApplicationContext : Refreshing org.springframework.context.annotation.AnnotationConfigApplicationContext@187eb9a8: startup date [Tue Jul 04 15:07:11 BRT 2017]; root of context hierarchy
2017-07-04 15:07:13.402  INFO 19282 --- [main] com.e2e.steps.BaseSteps                  : Started BaseSteps in 2.408 seconds (JVM running for 3.608)
2017-07-04 15:08:09.327  INFO 19282 --- [Thread-1] s.c.a.AnnotationConfigApplicationContext : Closing org.springframework.context.annotation.AnnotationConfigApplicationContext@187eb9a8: startup date [Tue Jul 04 15:07:11 BRT 2017]; root of context hierarchy
2017-07-04 15:11:21.601  INFO 19823 --- [main] com.e2e.steps.BaseSteps                  : Starting BaseSteps on lnxcit009559bh with PID 19823 (/home/CIT/jonathans/poc-tests/tests-e2e-foundation/target/test-classes started by jonathans in /home/CIT/jonathans/poc-tests/tests-e2e-foundation)
2017-07-04 15:11:21.601  INFO 19823 --- [main] com.e2e.steps.BaseSteps                  : No active profile set, falling back to default profiles: default
2017-07-04 15:11:21.805  INFO 19823 --- [main] s.c.a.AnnotationConfigApplicationContext : Refreshing org.springframework.context.annotation.AnnotationConfigApplicationContext@2d66530f: startup date [Tue Jul 04 15:11:21 BRT 2017]; root of context hierarchy
2017-07-04 15:11:23.852  INFO 19823 --- [main] com.e2e.steps.BaseSteps                  : Started BaseSteps in 2.495 seconds (JVM running for 3.595)
2017-07-04 15:11:27.930  INFO 19823 --- [Thread-1] s.c.a.AnnotationConfigApplicationContext : Closing org.springframework.context.annotation.AnnotationConfigApplicationContext@2d66530f: startup date [Tue Jul 04 15:11:21 BRT 2017]; root of context hierarchy
2017-07-04 15:11:44.179  INFO 20107 --- [main] com.e2e.steps.BaseSteps                  : Starting BaseSteps on lnxcit009559bh with PID 20107 (/home/CIT/jonathans/poc-tests/tests-e2e-foundation/target/test-classes started by jonathans in /home/CIT/jonathans/poc-tests/tests-e2e-foundation)
2017-07-04 15:11:44.180  INFO 20107 --- [main] com.e2e.steps.BaseSteps                  : No active profile set, falling back to default profiles: default
2017-07-04 15:11:44.380  INFO 20107 --- [main] s.c.a.AnnotationConfigApplicationContext : Refreshing org.springframework.context.annotation.AnnotationConfigApplicationContext@1d207fad: startup date [Tue Jul 04 15:11:44 BRT 2017]; root of context hierarchy
2017-07-04 15:11:46.397  INFO 20107 --- [main] com.e2e.steps.BaseSteps                  : Started BaseSteps in 2.5 seconds (JVM running for 3.665)
2017-07-04 15:11:52.527  INFO 20107 --- [Thread-1] s.c.a.AnnotationConfigApplicationContext : Closing org.springframework.context.annotation.AnnotationConfigApplicationContext@1d207fad: startup date [Tue Jul 04 15:11:44 BRT 2017]; root of context hierarchy
2017-07-04 17:03:55.440  INFO 25156 --- [main] com.e2e.steps.LoginWebServiceSteps       : Starting LoginWebServiceSteps on lnxcit009559bh with PID 25156 (/home/CIT/jonathans/poc-tests/tests-e2e-foundation/target/test-classes started by jonathans in /home/CIT/jonathans/poc-tests/tests-e2e-foundation)
2017-07-04 17:03:55.441  INFO 25156 --- [main] com.e2e.steps.LoginWebServiceSteps       : No active profile set, falling back to default profiles: default
2017-07-04 17:03:55.671  INFO 25156 --- [main] s.c.a.AnnotationConfigApplicationContext : Refreshing org.springframework.context.annotation.AnnotationConfigApplicationContext@4bdcaf36: startup date [Tue Jul 04 17:03:55 BRT 2017]; root of context hierarchy
2017-07-04 17:03:56.831  INFO 25156 --- [main] com.e2e.steps.LoginWebServiceSteps       : Started LoginWebServiceSteps in 1.696 seconds (JVM running for 2.912)
2017-07-04 17:04:01.462  INFO 25156 --- [Thread-1] s.c.a.AnnotationConfigApplicationContext : Closing org.springframework.context.annotation.AnnotationConfigApplicationContext@4bdcaf36: startup date [Tue Jul 04 17:03:55 BRT 2017]; root of context hierarchy
2017-07-04 17:04:22.535  INFO 25340 --- [main] com.e2e.steps.BaseSteps                  : Starting BaseSteps on lnxcit009559bh with PID 25340 (/home/CIT/jonathans/poc-tests/tests-e2e-foundation/target/test-classes started by jonathans in /home/CIT/jonathans/poc-tests/tests-e2e-foundation)
2017-07-04 17:04:22.535  INFO 25340 --- [main] com.e2e.steps.BaseSteps                  : No active profile set, falling back to default profiles: default
2017-07-04 17:04:22.785  INFO 25340 --- [main] s.c.a.AnnotationConfigApplicationContext : Refreshing org.springframework.context.annotation.AnnotationConfigApplicationContext@cda0432: startup date [Tue Jul 04 17:04:22 BRT 2017]; root of context hierarchy
2017-07-04 17:04:23.913  INFO 25340 --- [main] com.e2e.steps.BaseSteps                  : Started BaseSteps in 1.64 seconds (JVM running for 2.862)
2017-07-04 17:04:28.145  INFO 25340 --- [Thread-1] s.c.a.AnnotationConfigApplicationContext : Closing org.springframework.context.annotation.AnnotationConfigApplicationContext@cda0432: startup date [Tue Jul 04 17:04:22 BRT 2017]; root of context hierarchy
